

---------- Script no. 5 Creation Feedback Conversation Starting ----------


basic_chat: Admin -> Script_Writer
Admin (to Script_Writer):


Write the part of the script for the following section outline:
CONCLUSION (3 minutes)
- Recap of Fleetwood Mac's evolution and influence on music.
- Conclusion with the song that encapsulates the band's evolution: "The Chain".

If the outline is not the introduction, use the following last sentences of the previous section to create a smooth transition.
LAST SENTENCES OF PREVIOUS SECTION
"In recent years, the band has kept the momentum going with tours and performances, proving that their music stands the test of time. So, as we delve deeper into the time from 1987 to today, let's remember that Fleetwood Mac's story is far from over. And what a ride it's been so far!"


--------------------------------------------------------------------------------
Traceback (most recent call last):
  File "/Users/kbverlaan/Library/Caches/pypoetry/virtualenvs/autogen-podcast-AeYdH5Jj-py3.10/lib/python3.10/site-packages/autogen/oai/completion.py", line 222, in _get_response
    response = openai_completion.create(**config)
  File "/Users/kbverlaan/Library/Caches/pypoetry/virtualenvs/autogen-podcast-AeYdH5Jj-py3.10/lib/python3.10/site-packages/openai/api_resources/chat_completion.py", line 25, in create
    return super().create(*args, **kwargs)
  File "/Users/kbverlaan/Library/Caches/pypoetry/virtualenvs/autogen-podcast-AeYdH5Jj-py3.10/lib/python3.10/site-packages/openai/api_resources/abstract/engine_api_resource.py", line 155, in create
    response, _, api_key = requestor.request(
  File "/Users/kbverlaan/Library/Caches/pypoetry/virtualenvs/autogen-podcast-AeYdH5Jj-py3.10/lib/python3.10/site-packages/openai/api_requestor.py", line 299, in request
    resp, got_stream = self._interpret_response(result, stream)
  File "/Users/kbverlaan/Library/Caches/pypoetry/virtualenvs/autogen-podcast-AeYdH5Jj-py3.10/lib/python3.10/site-packages/openai/api_requestor.py", line 710, in _interpret_response
    self._interpret_response_line(
  File "/Users/kbverlaan/Library/Caches/pypoetry/virtualenvs/autogen-podcast-AeYdH5Jj-py3.10/lib/python3.10/site-packages/openai/api_requestor.py", line 775, in _interpret_response_line
    raise self.handle_error_response(
openai.error.RateLimitError: You exceeded your current quota, please check your plan and billing details.

During handling of the above exception, another exception occurred:

Traceback (most recent call last):
  File "<string>", line 1, in <module>
  File "/Users/kbverlaan/GitProjects/autogen-podcast/autogen_podcast/main.py", line 87, in main
    _, strategy_messages = script_writer_orchestrator.feedback_conversation(prompt)
  File "/Users/kbverlaan/GitProjects/autogen-podcast/autogen_podcast/modules/orchestrator.py", line 209, in feedback_conversation
    self.basic_chat(agent_a, agent_b, self.latest_message)
  File "/Users/kbverlaan/GitProjects/autogen-podcast/autogen_podcast/modules/orchestrator.py", line 79, in basic_chat
    reply = agent_b.generate_reply(sender=agent_a)
  File "/Users/kbverlaan/Library/Caches/pypoetry/virtualenvs/autogen-podcast-AeYdH5Jj-py3.10/lib/python3.10/site-packages/autogen/agentchat/conversable_agent.py", line 781, in generate_reply
    final, reply = reply_func(self, messages=messages, sender=sender, config=reply_func_tuple["config"])
  File "/Users/kbverlaan/Library/Caches/pypoetry/virtualenvs/autogen-podcast-AeYdH5Jj-py3.10/lib/python3.10/site-packages/autogen/agentchat/conversable_agent.py", line 606, in generate_oai_reply
    response = oai.ChatCompletion.create(
  File "/Users/kbverlaan/Library/Caches/pypoetry/virtualenvs/autogen-podcast-AeYdH5Jj-py3.10/lib/python3.10/site-packages/autogen/oai/completion.py", line 803, in create
    response = cls.create(
  File "/Users/kbverlaan/Library/Caches/pypoetry/virtualenvs/autogen-podcast-AeYdH5Jj-py3.10/lib/python3.10/site-packages/autogen/oai/completion.py", line 826, in create
    return cls._get_response(
  File "/Users/kbverlaan/Library/Caches/pypoetry/virtualenvs/autogen-podcast-AeYdH5Jj-py3.10/lib/python3.10/site-packages/autogen/oai/completion.py", line 253, in _get_response
    sleep(retry_wait_time)
KeyboardInterrupt
